[2026-01-04T21:30:41.586+0000] {local_task_job_runner.py:120} INFO - ::group::Pre task execution logs
[2026-01-04T21:30:41.775+0000] {taskinstance.py:2076} INFO - Dependencies all met for dep_context=non-requeueable deps ti=<TaskInstance: streamwatch_weekly.task_build_features manual__2026-01-04T20:56:12.935474+00:00 [queued]>
[2026-01-04T21:30:41.814+0000] {taskinstance.py:2076} INFO - Dependencies all met for dep_context=requeueable deps ti=<TaskInstance: streamwatch_weekly.task_build_features manual__2026-01-04T20:56:12.935474+00:00 [queued]>
[2026-01-04T21:30:41.815+0000] {taskinstance.py:2306} INFO - Starting attempt 1 of 3
[2026-01-04T21:30:41.867+0000] {taskinstance.py:2330} INFO - Executing <Task(_PythonDecoratedOperator): task_build_features> on 2026-01-04 20:56:12.935474+00:00
[2026-01-04T21:30:41.929+0000] {logging_mixin.py:188} WARNING - /home/***/.local/lib/python3.12/site-packages/***/task/task_runner/standard_task_runner.py:62 DeprecationWarning: This process (pid=2645) is multi-threaded, use of fork() may lead to deadlocks in the child.
[2026-01-04T21:30:41.939+0000] {standard_task_runner.py:64} INFO - Started process 2670 to run task
[2026-01-04T21:30:41.926+0000] {standard_task_runner.py:90} INFO - Running: ['***', 'tasks', 'run', 'streamwatch_weekly', 'task_build_features', 'manual__2026-01-04T20:56:12.935474+00:00', '--job-id', '86', '--raw', '--subdir', 'DAGS_FOLDER/streamwatch_weekly.py', '--cfg-path', '/tmp/tmpxn9rwu9_']
[2026-01-04T21:30:41.944+0000] {standard_task_runner.py:91} INFO - Job 86: Subtask task_build_features
[2026-01-04T21:30:42.129+0000] {task_command.py:426} INFO - Running <TaskInstance: streamwatch_weekly.task_build_features manual__2026-01-04T20:56:12.935474+00:00 [running]> on host d04778334f51
[2026-01-04T21:30:42.514+0000] {taskinstance.py:2648} INFO - Exporting env vars: AIRFLOW_CTX_DAG_OWNER='streamwatch' AIRFLOW_CTX_DAG_ID='streamwatch_weekly' AIRFLOW_CTX_TASK_ID='task_build_features' AIRFLOW_CTX_EXECUTION_DATE='2026-01-04T20:56:12.935474+00:00' AIRFLOW_CTX_TRY_NUMBER='1' AIRFLOW_CTX_DAG_RUN_ID='manual__2026-01-04T20:56:12.935474+00:00'
[2026-01-04T21:30:42.518+0000] {taskinstance.py:430} INFO - ::endgroup::
[2026-01-04T21:30:43.125+0000] {logging_mixin.py:188} WARNING - /home/***/.local/lib/python3.12/site-packages/numpy/lib/nanfunctions.py:1215 RuntimeWarning: Mean of empty slice
[2026-01-04T21:30:43.134+0000] {logging_mixin.py:188} WARNING - /home/***/.local/lib/python3.12/site-packages/numpy/lib/nanfunctions.py:1215 RuntimeWarning: Mean of empty slice
[2026-01-04T21:30:43.140+0000] {logging_mixin.py:188} WARNING - /home/***/.local/lib/python3.12/site-packages/numpy/lib/nanfunctions.py:1215 RuntimeWarning: Mean of empty slice
[2026-01-04T21:30:43.144+0000] {logging_mixin.py:188} WARNING - /home/***/.local/lib/python3.12/site-packages/numpy/lib/nanfunctions.py:1215 RuntimeWarning: Mean of empty slice
[2026-01-04T21:30:43.149+0000] {logging_mixin.py:188} WARNING - /home/***/.local/lib/python3.12/site-packages/numpy/lib/nanfunctions.py:1215 RuntimeWarning: Mean of empty slice
[2026-01-04T21:30:43.176+0000] {logging_mixin.py:188} WARNING - /home/***/.local/lib/python3.12/site-packages/numpy/lib/nanfunctions.py:1215 RuntimeWarning: Mean of empty slice
[2026-01-04T21:30:43.207+0000] {logging_mixin.py:188} WARNING - /home/***/.local/lib/python3.12/site-packages/numpy/lib/nanfunctions.py:1215 RuntimeWarning: Mean of empty slice
[2026-01-04T21:30:43.212+0000] {logging_mixin.py:188} WARNING - /home/***/.local/lib/python3.12/site-packages/numpy/lib/nanfunctions.py:1215 RuntimeWarning: Mean of empty slice
[2026-01-04T21:30:43.221+0000] {logging_mixin.py:188} WARNING - /home/***/.local/lib/python3.12/site-packages/numpy/lib/nanfunctions.py:1215 RuntimeWarning: Mean of empty slice
[2026-01-04T21:30:43.238+0000] {logging_mixin.py:188} WARNING - /home/***/.local/lib/python3.12/site-packages/numpy/lib/nanfunctions.py:1215 RuntimeWarning: Mean of empty slice
[2026-01-04T21:30:43.250+0000] {logging_mixin.py:188} WARNING - /home/***/.local/lib/python3.12/site-packages/numpy/lib/nanfunctions.py:1215 RuntimeWarning: Mean of empty slice
[2026-01-04T21:30:43.263+0000] {logging_mixin.py:188} WARNING - /home/***/.local/lib/python3.12/site-packages/numpy/lib/nanfunctions.py:1215 RuntimeWarning: Mean of empty slice
[2026-01-04T21:30:43.275+0000] {logging_mixin.py:188} WARNING - /home/***/.local/lib/python3.12/site-packages/numpy/lib/nanfunctions.py:1215 RuntimeWarning: Mean of empty slice
[2026-01-04T21:30:43.280+0000] {logging_mixin.py:188} WARNING - /home/***/.local/lib/python3.12/site-packages/numpy/lib/nanfunctions.py:1215 RuntimeWarning: Mean of empty slice
[2026-01-04T21:30:43.285+0000] {logging_mixin.py:188} WARNING - /home/***/.local/lib/python3.12/site-packages/numpy/lib/nanfunctions.py:1215 RuntimeWarning: Mean of empty slice
[2026-01-04T21:30:43.289+0000] {logging_mixin.py:188} WARNING - /home/***/.local/lib/python3.12/site-packages/numpy/lib/nanfunctions.py:1215 RuntimeWarning: Mean of empty slice
[2026-01-04T21:30:43.294+0000] {logging_mixin.py:188} WARNING - /home/***/.local/lib/python3.12/site-packages/numpy/lib/nanfunctions.py:1215 RuntimeWarning: Mean of empty slice
[2026-01-04T21:30:43.299+0000] {logging_mixin.py:188} WARNING - /home/***/.local/lib/python3.12/site-packages/numpy/lib/nanfunctions.py:1215 RuntimeWarning: Mean of empty slice
[2026-01-04T21:30:43.303+0000] {logging_mixin.py:188} WARNING - /home/***/.local/lib/python3.12/site-packages/numpy/lib/nanfunctions.py:1215 RuntimeWarning: Mean of empty slice
[2026-01-04T21:30:43.308+0000] {logging_mixin.py:188} WARNING - /home/***/.local/lib/python3.12/site-packages/numpy/lib/nanfunctions.py:1215 RuntimeWarning: Mean of empty slice
[2026-01-04T21:30:43.312+0000] {logging_mixin.py:188} WARNING - /home/***/.local/lib/python3.12/site-packages/numpy/lib/nanfunctions.py:1215 RuntimeWarning: Mean of empty slice
[2026-01-04T21:30:43.316+0000] {logging_mixin.py:188} WARNING - /home/***/.local/lib/python3.12/site-packages/numpy/lib/nanfunctions.py:1215 RuntimeWarning: Mean of empty slice
[2026-01-04T21:30:43.322+0000] {logging_mixin.py:188} WARNING - /home/***/.local/lib/python3.12/site-packages/numpy/lib/nanfunctions.py:1215 RuntimeWarning: Mean of empty slice
[2026-01-04T21:30:43.328+0000] {logging_mixin.py:188} WARNING - /home/***/.local/lib/python3.12/site-packages/numpy/lib/nanfunctions.py:1215 RuntimeWarning: Mean of empty slice
[2026-01-04T21:30:43.335+0000] {logging_mixin.py:188} WARNING - /home/***/.local/lib/python3.12/site-packages/numpy/lib/nanfunctions.py:1215 RuntimeWarning: Mean of empty slice
[2026-01-04T21:30:43.341+0000] {logging_mixin.py:188} WARNING - /home/***/.local/lib/python3.12/site-packages/numpy/lib/nanfunctions.py:1215 RuntimeWarning: Mean of empty slice
[2026-01-04T21:30:43.345+0000] {logging_mixin.py:188} WARNING - /home/***/.local/lib/python3.12/site-packages/numpy/lib/nanfunctions.py:1215 RuntimeWarning: Mean of empty slice
[2026-01-04T21:30:43.350+0000] {logging_mixin.py:188} WARNING - /home/***/.local/lib/python3.12/site-packages/numpy/lib/nanfunctions.py:1215 RuntimeWarning: Mean of empty slice
[2026-01-04T21:30:43.362+0000] {logging_mixin.py:188} WARNING - /home/***/.local/lib/python3.12/site-packages/numpy/lib/nanfunctions.py:1215 RuntimeWarning: Mean of empty slice
[2026-01-04T21:30:43.369+0000] {logging_mixin.py:188} WARNING - /home/***/.local/lib/python3.12/site-packages/numpy/lib/nanfunctions.py:1215 RuntimeWarning: Mean of empty slice
[2026-01-04T21:30:43.375+0000] {logging_mixin.py:188} WARNING - /home/***/.local/lib/python3.12/site-packages/numpy/lib/nanfunctions.py:1215 RuntimeWarning: Mean of empty slice
[2026-01-04T21:30:43.384+0000] {logging_mixin.py:188} WARNING - /home/***/.local/lib/python3.12/site-packages/numpy/lib/nanfunctions.py:1215 RuntimeWarning: Mean of empty slice
[2026-01-04T21:30:43.392+0000] {logging_mixin.py:188} WARNING - /home/***/.local/lib/python3.12/site-packages/numpy/lib/nanfunctions.py:1215 RuntimeWarning: Mean of empty slice
[2026-01-04T21:30:43.401+0000] {logging_mixin.py:188} WARNING - /home/***/.local/lib/python3.12/site-packages/numpy/lib/nanfunctions.py:1215 RuntimeWarning: Mean of empty slice
[2026-01-04T21:30:43.409+0000] {logging_mixin.py:188} WARNING - /home/***/.local/lib/python3.12/site-packages/numpy/lib/nanfunctions.py:1215 RuntimeWarning: Mean of empty slice
[2026-01-04T21:30:43.415+0000] {logging_mixin.py:188} WARNING - /home/***/.local/lib/python3.12/site-packages/numpy/lib/nanfunctions.py:1215 RuntimeWarning: Mean of empty slice
[2026-01-04T21:30:43.423+0000] {logging_mixin.py:188} WARNING - /home/***/.local/lib/python3.12/site-packages/numpy/lib/nanfunctions.py:1215 RuntimeWarning: Mean of empty slice
[2026-01-04T21:30:43.433+0000] {logging_mixin.py:188} WARNING - /home/***/.local/lib/python3.12/site-packages/numpy/lib/nanfunctions.py:1215 RuntimeWarning: Mean of empty slice
[2026-01-04T21:31:15.436+0000] {python.py:237} INFO - Done. Returned value was: {'run_date': '2026-01-04', 'run_id': 'manual__2026-01-04T20:56:12.935474+00:00', 'week_start': '2025-12-29', 'panel_clean_local_path': '/tmp/streamwatch/run_id=manual__2026-01-04T20:56:12.935474+00:00/week_start=2025-12-29/panel_clean.parquet', 'tfidf_vocab_local_path': '/tmp/streamwatch/run_id=manual__2026-01-04T20:56:12.935474+00:00/week_start=2025-12-29/tfidf_vocab.json', 'n_rows': 51090, 'n_cols': 270}
[2026-01-04T21:31:15.451+0000] {taskinstance.py:441} INFO - ::group::Post task execution logs
[2026-01-04T21:31:15.733+0000] {taskinstance.py:1206} INFO - Marking task as SUCCESS. dag_id=streamwatch_weekly, task_id=task_build_features, run_id=manual__2026-01-04T20:56:12.935474+00:00, execution_date=20260104T205612, start_date=20260104T213041, end_date=20260104T213115
[2026-01-04T21:31:15.969+0000] {local_task_job_runner.py:243} INFO - Task exited with return code 0
[2026-01-04T21:31:16.130+0000] {taskinstance.py:3503} INFO - 1 downstream tasks scheduled from follow-on schedule check
[2026-01-04T21:31:16.133+0000] {local_task_job_runner.py:222} INFO - ::endgroup::
